[INFO] Scanning for projects...
[INFO] 
[INFO] --------------------< br.com.cp1:ecommerce-client >---------------------
[INFO] Building ecommerce-client 0.0.1-SNAPSHOT
[INFO]   from pom.xml
[INFO] --------------------------------[ jar ]---------------------------------
[INFO] 
[INFO] >>> spring-boot:3.4.4:run (default-cli) > test-compile @ ecommerce-client >>>
[INFO] 
[INFO] --- jaxb2:3.2.0:xjc (xjc) @ ecommerce-client ---
[INFO] Ignored given or default xjbSources [C:\Users\gumou\OneDrive\Documentos\projeto-soa-cp1\ecommerce-client\ecommerce-client\src\main\xjb], since it is not an existent file or directory.
[INFO] No changes detected in schema or binding files - skipping JAXB generation.
[INFO] 
[INFO] --- resources:3.3.1:resources (default-resources) @ ecommerce-client ---
[INFO] Copying 1 resource from src\main\resources to target\classes
[INFO] Copying 1 resource from src\main\resources to target\classes
[INFO] 
[INFO] --- compiler:3.13.0:compile (default-compile) @ ecommerce-client ---
[INFO] Nothing to compile - all classes are up to date.
[INFO] 
[INFO] --- resources:3.3.1:testResources (default-testResources) @ ecommerce-client ---
[INFO] skip non existing resourceDirectory C:\Users\gumou\OneDrive\Documentos\projeto-soa-cp1\ecommerce-client\ecommerce-client\src\test\resources
[INFO] 
[INFO] --- compiler:3.13.0:testCompile (default-testCompile) @ ecommerce-client ---
[INFO] Nothing to compile - all classes are up to date.
[INFO] 
[INFO] <<< spring-boot:3.4.4:run (default-cli) < test-compile @ ecommerce-client <<<
[INFO] 
[INFO] 
[INFO] --- spring-boot:3.4.4:run (default-cli) @ ecommerce-client ---
[INFO] Attaching agents: []

  .   ____          _            __ _ _
 /\\ / ___'_ __ _ _(_)_ __  __ _ \ \ \ \
( ( )\___ | '_ | '_| | '_ \/ _` | \ \ \ \
 \\/  ___)| |_)| | | | | || (_| |  ) ) ) )
  '  |____| .__|_| |_|_| |_\__, | / / / /
 =========|_|==============|___/=/_/_/_/

 :: Spring Boot ::                (v3.4.4)

2026-03-27T15:52:20.674-03:00  INFO 25444 --- [ecommerce-client] [           main] b.c.c.e.EcommerceClientApplication       : Starting EcommerceClientApplication using Java 17.0.12 with PID 25444 (C:\Users\gumou\OneDrive\Documentos\projeto-soa-cp1\ecommerce-client\ecommerce-client\target\classes started by gumou in C:\Users\gumou\OneDrive\Documentos\projeto-soa-cp1\ecommerce-client\ecommerce-client)
2026-03-27T15:52:20.676-03:00  INFO 25444 --- [ecommerce-client] [           main] b.c.c.e.EcommerceClientApplication       : No active profile set, falling back to 1 default profile: "default"
2026-03-27T15:52:21.518-03:00  INFO 25444 --- [ecommerce-client] [           main] o.s.b.w.embedded.tomcat.TomcatWebServer  : Tomcat initialized with port 8081 (http)
2026-03-27T15:52:21.528-03:00  INFO 25444 --- [ecommerce-client] [           main] o.apache.catalina.core.StandardService   : Starting service [Tomcat]
2026-03-27T15:52:21.529-03:00  INFO 25444 --- [ecommerce-client] [           main] o.apache.catalina.core.StandardEngine    : Starting Servlet engine: [Apache Tomcat/10.1.39]
2026-03-27T15:52:21.577-03:00  INFO 25444 --- [ecommerce-client] [           main] o.a.c.c.C.[Tomcat].[localhost].[/]       : Initializing Spring embedded WebApplicationContext
2026-03-27T15:52:21.578-03:00  INFO 25444 --- [ecommerce-client] [           main] w.s.c.ServletWebServerApplicationContext : Root WebApplicationContext: initialization completed in 859 ms
2026-03-27T15:52:21.729-03:00  INFO 25444 --- [ecommerce-client] [           main] o.s.ws.soap.saaj.SaajSoapMessageFactory  : Creating SAAJ 1.3 MessageFactory with SOAP 1.1 Protocol
2026-03-27T15:52:22.010-03:00  INFO 25444 --- [ecommerce-client] [           main] .w.s.a.s.AnnotationActionEndpointMapping : Supporting [WS-Addressing August 2004, WS-Addressing 1.0]
2026-03-27T15:52:22.041-03:00  WARN 25444 --- [ecommerce-client] [           main] ConfigServletWebServerApplicationContext : Exception encountered during context initialization - cancelling refresh attempt: org.springframework.context.ApplicationContextException: Failed to start bean 'webServerStartStop'
2026-03-27T15:52:22.053-03:00  INFO 25444 --- [ecommerce-client] [           main] .s.b.a.l.ConditionEvaluationReportLogger : 

Error starting ApplicationContext. To display the condition evaluation report re-run your application with 'debug' enabled.
2026-03-27T15:52:22.068-03:00 ERROR 25444 --- [ecommerce-client] [           main] o.s.b.d.LoggingFailureAnalysisReporter   : 

***************************
APPLICATION FAILED TO START
***************************

Description:

Web server failed to start. Port 8081 was already in use.

Action:

Identify and stop the process that's listening on port 8081 or configure this application to listen on another port.

[INFO] ------------------------------------------------------------------------
[INFO] BUILD FAILURE
[INFO] ------------------------------------------------------------------------
[INFO] Total time:  3.962 s
[INFO] Finished at: 2026-03-27T15:52:22-03:00
[INFO] ------------------------------------------------------------------------
[ERROR] Failed to execute goal org.springframework.boot:spring-boot-maven-plugin:3.4.4:run (default-cli) on project ecommerce-client: Process terminated with exit code: 1 -> [Help 1]
[ERROR] 
[ERROR] To see the full stack trace of the errors, re-run Maven with the -e switch.
[ERROR] Re-run Maven using the -X switch to enable full debug logging.
[ERROR] 
[ERROR] For more information about the errors and possible solutions, please read the following articles:
[ERROR] [Help 1] http://cwiki.apache.org/confluence/display/MAVEN/MojoExecutionException
